Using pre-set license
Built from '2020.3/staging' branch; Version is '2020.3.8f1 (507919d4fff5) revision 5273881'; Using compiler version '192528614'; Build Type 'Release'
OS: 'Windows 10 Pro; OS build 19042.1052; Version 2009; 64bit' Language: 'en' Physical Memory: 16318 MB
BatchMode: 1, IsHumanControllingUs: 0, StartBugReporterOnCrash: 0, Is64bit: 1, IsPro: 0

 COMMAND LINE ARGUMENTS:
C:\UnityEditor\2020.3.8f1\Editor\Unity.exe
-adb2
-batchMode
-noUpm
-name
AssetImportWorker0
-projectPath
C:/UnityProjects/Stress Management
-logFile
Logs/AssetImportWorker0.log
-srvPort
50015
Successfully changed project path to: C:/UnityProjects/Stress Management
C:/UnityProjects/Stress Management
Using Asset Import Pipeline V2.
Refreshing native plugins compatible for Editor in 67.91 ms, found 2 plugins.
Preloading 0 native plugins for Editor in 0.00 ms.
Initialize engine version: 2020.3.8f1 (507919d4fff5)
[Subsystems] Discovering subsystems at path C:/UnityEditor/2020.3.8f1/Editor/Data/Resources/UnitySubsystems
[Subsystems] Discovering subsystems at path C:/UnityProjects/Stress Management/Assets
GfxDevice: creating device client; threaded=0
Direct3D:
    Version:  Direct3D 11.0 [level 11.1]
    Renderer: NVIDIA GeForce GTX 1050 Ti (ID=0x1c82)
    Vendor:   
    VRAM:     4018 MB
    Driver:   27.21.14.5671
Shader 'Universal Render Pipeline/Particles/Lit': fallback shader 'Universal Render Pipeline/Particles/SimpleLit' not found
Initialize mono
Mono path[0] = 'C:/UnityEditor/2020.3.8f1/Editor/Data/Managed'
Mono path[1] = 'C:/UnityEditor/2020.3.8f1/Editor/Data/MonoBleedingEdge/lib/mono/unityjit'
Mono config path = 'C:/UnityEditor/2020.3.8f1/Editor/Data/MonoBleedingEdge/etc'
Using monoOptions --debugger-agent=transport=dt_socket,embedding=1,server=y,suspend=n,address=127.0.0.1:56936
Begin MonoManager ReloadAssembly
Registering precompiled unity dll's ...
Register platform support module: C:/UnityEditor/2020.3.8f1/Editor/Data/PlaybackEngines/WebGLSupport/UnityEditor.WebGL.Extensions.dll
Register platform support module: C:/UnityEditor/2020.3.8f1/Editor/Data/PlaybackEngines/WindowsStandaloneSupport/UnityEditor.WindowsStandalone.Extensions.dll
Registered in 0.004333 seconds.
Native extension for WindowsStandalone target not found
Native extension for WebGL target not found
Refreshing native plugins compatible for Editor in 64.61 ms, found 2 plugins.
Preloading 0 native plugins for Editor in 0.00 ms.
Mono: successfully reloaded assembly
- Completed reload, in  1.649 seconds
Platform modules already initialized, skipping
Registering precompiled user dll's ...
Registered in 0.003741 seconds.
Begin MonoManager ReloadAssembly
Native extension for WindowsStandalone target not found
Native extension for WebGL target not found
Refreshing native plugins compatible for Editor in 62.55 ms, found 2 plugins.
Preloading 0 native plugins for Editor in 0.00 ms.
Mono: successfully reloaded assembly
- Completed reload, in  1.447 seconds
Platform modules already initialized, skipping
========================================================================
Worker process is ready to serve import requests
Shader 'Universal Render Pipeline/Particles/Lit': fallback shader 'Universal Render Pipeline/Particles/SimpleLit' not found
Launched and connected shader compiler UnityShaderCompiler.exe after 0.04 seconds
Refreshing native plugins compatible for Editor in 0.76 ms, found 2 plugins.
Preloading 0 native plugins for Editor in 0.00 ms.
Unloading 3448 Unused Serialized files (Serialized files now loaded: 0)
System memory in use before: 155.2 MB.
System memory in use after: 155.3 MB.

Unloading 39 unused Assets to reduce memory usage. Loaded Objects now: 3881.
Total: 2.863200 ms (FindLiveObjects: 0.273600 ms CreateObjectMapping: 0.141000 ms MarkObjects: 2.275700 ms  DeleteObjects: 0.171700 ms)

========================================================================
Received Import Request.
  path: Assets/PlayerController.cs
  artifactKey: Guid(97dc8b7e311e9314899db58efcffbdb9) Importer(815301076,1909f56bfc062723c751e8b465ee728b)
Start importing Assets/PlayerController.cs using Guid(97dc8b7e311e9314899db58efcffbdb9) Importer(815301076,1909f56bfc062723c751e8b465ee728b)  -> (artifact id: '74f0352386f2ab94adc03a8739f934da') in 0.030797 seconds
  Import took 0.036049 seconds .

========================================================================
Received Import Request.
  Time since last request: 0.000321 seconds.
  path: Assets/ChangeScreen.cs
  artifactKey: Guid(851fd0f1d9b762f40b3e0336228cad1c) Importer(815301076,1909f56bfc062723c751e8b465ee728b)
Start importing Assets/ChangeScreen.cs using Guid(851fd0f1d9b762f40b3e0336228cad1c) Importer(815301076,1909f56bfc062723c751e8b465ee728b)  -> (artifact id: '0f19cf52c22607ddf8216232a3e8a7d3') in 0.001854 seconds
  Import took 0.007103 seconds .

========================================================================
Received Import Request.
  Time since last request: 0.000247 seconds.
  path: Assets/TrapBehavior.cs
  artifactKey: Guid(5b2379403d1af2b4f868b96f14286f08) Importer(815301076,1909f56bfc062723c751e8b465ee728b)
Start importing Assets/TrapBehavior.cs using Guid(5b2379403d1af2b4f868b96f14286f08) Importer(815301076,1909f56bfc062723c751e8b465ee728b)  -> (artifact id: 'ef9a801ebd2849756b1ec45bba6b2c34') in 0.001726 seconds
  Import took 0.006761 seconds .

========================================================================
Received Prepare
Registering precompiled user dll's ...
Registered in 0.003483 seconds.
Begin MonoManager ReloadAssembly
Native extension for WindowsStandalone target not found
Native extension for WebGL target not found
Refreshing native plugins compatible for Editor in 0.69 ms, found 2 plugins.
Preloading 0 native plugins for Editor in 0.00 ms.
Mono: successfully reloaded assembly
- Completed reload, in  0.953 seconds
Platform modules already initialized, skipping
Shader 'Universal Render Pipeline/Particles/Lit': fallback shader 'Universal Render Pipeline/Particles/SimpleLit' not found
Refreshing native plugins compatible for Editor in 0.72 ms, found 2 plugins.
Preloading 0 native plugins for Editor in 0.00 ms.
Unloading 3323 Unused Serialized files (Serialized files now loaded: 0)
System memory in use before: 146.7 MB.
System memory in use after: 146.8 MB.

Unloading 27 unused Assets to reduce memory usage. Loaded Objects now: 3885.
Total: 2.682400 ms (FindLiveObjects: 0.248400 ms CreateObjectMapping: 0.128600 ms MarkObjects: 2.203200 ms  DeleteObjects: 0.101400 ms)

========================================================================
Received Import Request.
  Time since last request: 7.526774 seconds.
  path: Assets/Scripts/PauseMenu.cs
  artifactKey: Guid(6f2825cf3d4213d478fffcca48c49c5c) Importer(815301076,1909f56bfc062723c751e8b465ee728b)
Start importing Assets/Scripts/PauseMenu.cs using Guid(6f2825cf3d4213d478fffcca48c49c5c) Importer(815301076,1909f56bfc062723c751e8b465ee728b)  -> (artifact id: '7daa4a1b3a8b5003de119d1c139d8a49') in 0.004549 seconds
  Import took 0.010078 seconds .

========================================================================
Received Import Request.
  Time since last request: 0.023230 seconds.
  path: Assets/Scripts/PauseMenu.cs
  artifactKey: Guid(6f2825cf3d4213d478fffcca48c49c5c) Importer(815301076,1909f56bfc062723c751e8b465ee728b)
Start importing Assets/Scripts/PauseMenu.cs using Guid(6f2825cf3d4213d478fffcca48c49c5c) Importer(815301076,1909f56bfc062723c751e8b465ee728b)  -> (artifact id: '7daa4a1b3a8b5003de119d1c139d8a49') in 0.001404 seconds
  Import took 0.006158 seconds .

========================================================================
Received Import Request.
  Time since last request: 1.846949 seconds.
  path: Assets/Scripts/PortalBehaviour.cs
  artifactKey: Guid(d2d2688725104cd4abf6dde425f7622b) Importer(815301076,1909f56bfc062723c751e8b465ee728b)
Start importing Assets/Scripts/PortalBehaviour.cs using Guid(d2d2688725104cd4abf6dde425f7622b) Importer(815301076,1909f56bfc062723c751e8b465ee728b)  -> (artifact id: 'bb2a091fb2b727490308f210ce356c2c') in 0.001523 seconds
  Import took 0.006844 seconds .

========================================================================
Received Import Request.
  Time since last request: 0.000891 seconds.
  path: Assets/Scripts/PortalBehaviour.cs
  artifactKey: Guid(d2d2688725104cd4abf6dde425f7622b) Importer(815301076,1909f56bfc062723c751e8b465ee728b)
Start importing Assets/Scripts/PortalBehaviour.cs using Guid(d2d2688725104cd4abf6dde425f7622b) Importer(815301076,1909f56bfc062723c751e8b465ee728b)  -> (artifact id: 'bb2a091fb2b727490308f210ce356c2c') in 0.001301 seconds
  Import took 0.006034 seconds .

========================================================================
Received Import Request.
  Time since last request: 0.416023 seconds.
  path: Assets/Scripts/Projectile.cs
  artifactKey: Guid(23f63109e67658449b7d127b5ccc64d0) Importer(815301076,1909f56bfc062723c751e8b465ee728b)
Start importing Assets/Scripts/Projectile.cs using Guid(23f63109e67658449b7d127b5ccc64d0) Importer(815301076,1909f56bfc062723c751e8b465ee728b)  -> (artifact id: '2cf2953ff227c5d3e9acd4f695987631') in 0.001462 seconds
  Import took 0.006493 seconds .

========================================================================
Received Import Request.
  Time since last request: 0.000894 seconds.
  path: Assets/Scripts/Projectile.cs
  artifactKey: Guid(23f63109e67658449b7d127b5ccc64d0) Importer(815301076,1909f56bfc062723c751e8b465ee728b)
Start importing Assets/Scripts/Projectile.cs using Guid(23f63109e67658449b7d127b5ccc64d0) Importer(815301076,1909f56bfc062723c751e8b465ee728b)  -> (artifact id: '2cf2953ff227c5d3e9acd4f695987631') in 0.001570 seconds
  Import took 0.005966 seconds .

========================================================================
Received Import Request.
  Time since last request: 0.442436 seconds.
  path: Assets/Scripts/RecordHolder.cs
  artifactKey: Guid(b71eb3af8740f4a40a4d80cf85a02ecc) Importer(815301076,1909f56bfc062723c751e8b465ee728b)
Start importing Assets/Scripts/RecordHolder.cs using Guid(b71eb3af8740f4a40a4d80cf85a02ecc) Importer(815301076,1909f56bfc062723c751e8b465ee728b)  -> (artifact id: 'c43965bca385a293cbe846b2a80b05c3') in 0.001561 seconds
  Import took 0.006549 seconds .

========================================================================
Received Import Request.
  Time since last request: 0.929247 seconds.
  path: Assets/Scripts/TransitionScreen.cs
  artifactKey: Guid(02d9c38152e1d3f42a1f8e85e5c66ee2) Importer(815301076,1909f56bfc062723c751e8b465ee728b)
Start importing Assets/Scripts/TransitionScreen.cs using Guid(02d9c38152e1d3f42a1f8e85e5c66ee2) Importer(815301076,1909f56bfc062723c751e8b465ee728b)  -> (artifact id: 'd4db4a0626a61163a0f5dd31b4d3666d') in 0.001550 seconds
  Import took 0.006824 seconds .

========================================================================
Received Import Request.
  Time since last request: 0.000526 seconds.
  path: Assets/Scripts/TransitionScreen.cs
  artifactKey: Guid(02d9c38152e1d3f42a1f8e85e5c66ee2) Importer(815301076,1909f56bfc062723c751e8b465ee728b)
Start importing Assets/Scripts/TransitionScreen.cs using Guid(02d9c38152e1d3f42a1f8e85e5c66ee2) Importer(815301076,1909f56bfc062723c751e8b465ee728b)  -> (artifact id: 'd4db4a0626a61163a0f5dd31b4d3666d') in 0.001319 seconds
  Import took 0.005911 seconds .

========================================================================
Received Import Request.
  Time since last request: 0.668733 seconds.
  path: Assets/Scripts/MainMenu.cs
  artifactKey: Guid(6ebac45af859c944fb1f5e7e8c741236) Importer(815301076,1909f56bfc062723c751e8b465ee728b)
Start importing Assets/Scripts/MainMenu.cs using Guid(6ebac45af859c944fb1f5e7e8c741236) Importer(815301076,1909f56bfc062723c751e8b465ee728b)  -> (artifact id: '255613809bb4533ade7fedde16152c1c') in 0.001703 seconds
  Import took 0.006484 seconds .

========================================================================
Received Import Request.
  Time since last request: 0.000698 seconds.
  path: Assets/Scripts/MainMenu.cs
  artifactKey: Guid(6ebac45af859c944fb1f5e7e8c741236) Importer(815301076,1909f56bfc062723c751e8b465ee728b)
Start importing Assets/Scripts/MainMenu.cs using Guid(6ebac45af859c944fb1f5e7e8c741236) Importer(815301076,1909f56bfc062723c751e8b465ee728b)  -> (artifact id: '255613809bb4533ade7fedde16152c1c') in 0.001256 seconds
  Import took 0.005953 seconds .

========================================================================
Received Import Request.
  Time since last request: 4.386462 seconds.
  path: Assets/Scripts/GameManager/GameManager_.cs
  artifactKey: Guid(c7041ed93c519b645bb35c5a070bff48) Importer(815301076,1909f56bfc062723c751e8b465ee728b)
Start importing Assets/Scripts/GameManager/GameManager_.cs using Guid(c7041ed93c519b645bb35c5a070bff48) Importer(815301076,1909f56bfc062723c751e8b465ee728b)  -> (artifact id: 'ba8606fae96cacd6b4995718c338ce97') in 0.001861 seconds
  Import took 0.006584 seconds .

========================================================================
Received Import Request.
  Time since last request: 0.001911 seconds.
  path: Assets/Scripts/GameManager/GameManager_.cs
  artifactKey: Guid(c7041ed93c519b645bb35c5a070bff48) Importer(815301076,1909f56bfc062723c751e8b465ee728b)
Start importing Assets/Scripts/GameManager/GameManager_.cs using Guid(c7041ed93c519b645bb35c5a070bff48) Importer(815301076,1909f56bfc062723c751e8b465ee728b)  -> (artifact id: 'ba8606fae96cacd6b4995718c338ce97') in 0.001306 seconds
  Import took 0.005955 seconds .

========================================================================
Received Import Request.
  Time since last request: 7.407125 seconds.
  path: Assets/Scripts/LevelRecord.cs
  artifactKey: Guid(898f8471d0522cc4d99716ff41972325) Importer(815301076,1909f56bfc062723c751e8b465ee728b)
Start importing Assets/Scripts/LevelRecord.cs using Guid(898f8471d0522cc4d99716ff41972325) Importer(815301076,1909f56bfc062723c751e8b465ee728b)  -> (artifact id: '794c4fe91b2847ea619ec9d0b33e7eed') in 0.001561 seconds
  Import took 0.006761 seconds .

========================================================================
Received Import Request.
  Time since last request: 0.001543 seconds.
  path: Assets/Scripts/LevelRecord.cs
  artifactKey: Guid(898f8471d0522cc4d99716ff41972325) Importer(815301076,1909f56bfc062723c751e8b465ee728b)
Start importing Assets/Scripts/LevelRecord.cs using Guid(898f8471d0522cc4d99716ff41972325) Importer(815301076,1909f56bfc062723c751e8b465ee728b)  -> (artifact id: '794c4fe91b2847ea619ec9d0b33e7eed') in 0.001954 seconds
  Import took 0.006470 seconds .

========================================================================
Received Import Request.
  Time since last request: 1.099662 seconds.
  path: Assets/Scripts/MenuOptionManager.cs
  artifactKey: Guid(360946fae6e4e9541a68adaf92883bee) Importer(815301076,1909f56bfc062723c751e8b465ee728b)
Start importing Assets/Scripts/MenuOptionManager.cs using Guid(360946fae6e4e9541a68adaf92883bee) Importer(815301076,1909f56bfc062723c751e8b465ee728b)  -> (artifact id: '18c46fd21d030656c9c5c355b833f9ff') in 0.001546 seconds
  Import took 0.006871 seconds .

========================================================================
Received Import Request.
  Time since last request: 0.000415 seconds.
  path: Assets/Scripts/MenuOptionManager.cs
  artifactKey: Guid(360946fae6e4e9541a68adaf92883bee) Importer(815301076,1909f56bfc062723c751e8b465ee728b)
Start importing Assets/Scripts/MenuOptionManager.cs using Guid(360946fae6e4e9541a68adaf92883bee) Importer(815301076,1909f56bfc062723c751e8b465ee728b)  -> (artifact id: '18c46fd21d030656c9c5c355b833f9ff') in 0.001280 seconds
  Import took 0.005912 seconds .

AssetImportWorkerClient::OnTransportError - code=2 error=End of file
